<?xml version="1.0" encoding="UTF-8"?>
<testsuite xmlns:xsi="http://www.w3.org/2001/XMLSchema-instance" xsi:noNamespaceSchemaLocation="https://maven.apache.org/surefire/maven-surefire-plugin/xsd/surefire-test-report-3.0.xsd" version="3.0" name="com.stackoverflow.beta.controller.UserControllerTest" time="2.585" tests="2" errors="0" skipped="0" failures="0">
  <properties>
[...]
</properties>
  <testcase name="testRegisterUser_Success" classname="com.stackoverflow.beta.controller.UserControllerTest" time="2.44">
    <system-out><![CDATA[01:24:05.497 [main] INFO com.stackoverflow.beta.controller.UserController -- Received registration request for user: com.stackoverflow.beta.model.request.UserDetailsInput@231baf51
01:24:05.511 [main] INFO com.stackoverflow.beta.controller.UserController -- User registered successfully: com.stackoverflow.beta.model.User@2a49fe
]]></system-out>
  </testcase>
  <testcase name="testRegisterUser_Failure" classname="com.stackoverflow.beta.controller.UserControllerTest" time="0.025">
    <system-out><![CDATA[01:24:05.577 [main] INFO com.stackoverflow.beta.controller.UserController -- Received registration request for user: com.stackoverflow.beta.model.request.UserDetailsInput@2571066a
01:24:05.581 [main] ERROR com.stackoverflow.beta.controller.UserController -- Validation error during registration: User already exist
]]></system-out>
  </testcase>
</testsuite>